{"/home/elliot/Projects/mcp/multi-client/src/ServerManager.ts": {"path":"/home/elliot/Projects/mcp/multi-client/src/ServerManager.ts","statementMap":{"0":{"start":{"line":1,"column":0},"end":{"line":1,"column":67}},"1":{"start":{"line":2,"column":0},"end":{"line":2,"column":81}},"2":{"start":{"line":16,"column":54},"end":{"line":16,"column":56}},"3":{"start":{"line":21,"column":4},"end":{"line":21,"column":25}},"4":{"start":{"line":23,"column":4},"end":{"line":23,"column":41}},"5":{"start":{"line":30,"column":55},"end":{"line":30,"column":57}},"6":{"start":{"line":32,"column":4},"end":{"line":34,"column":5}},"7":{"start":{"line":33,"column":6},"end":{"line":33,"column":78}},"8":{"start":{"line":36,"column":20},"end":{"line":36,"column":64}},"9":{"start":{"line":39,"column":4},"end":{"line":41,"column":35}},"10":{"start":{"line":40,"column":68},"end":{"line":40,"column":97}},"11":{"start":{"line":41,"column":21},"end":{"line":41,"column":33}},"12":{"start":{"line":48,"column":4},"end":{"line":48,"column":60}},"13":{"start":{"line":51,"column":5},"end":{"line":54,"column":6}},"14":{"start":{"line":52,"column":9},"end":{"line":52,"column":59}},"15":{"start":{"line":53,"column":9},"end":{"line":53,"column":27}},"16":{"start":{"line":55,"column":6},"end":{"line":59,"column":6}},"17":{"start":{"line":56,"column":9},"end":{"line":56,"column":93}},"18":{"start":{"line":58,"column":9},"end":{"line":58,"column":82}},"19":{"start":{"line":61,"column":4},"end":{"line":151,"column":5}},"20":{"start":{"line":63,"column":24},"end":{"line":68,"column":8}},"21":{"start":{"line":67,"column":85},"end":{"line":67,"column":100}},"22":{"start":{"line":71,"column":6},"end":{"line":76,"column":8}},"23":{"start":{"line":72,"column":8},"end":{"line":72,"column":73}},"24":{"start":{"line":73,"column":8},"end":{"line":75,"column":9}},"25":{"start":{"line":74,"column":10},"end":{"line":74,"column":55}},"26":{"start":{"line":78,"column":6},"end":{"line":83,"column":8}},"27":{"start":{"line":79,"column":8},"end":{"line":79,"column":58}},"28":{"start":{"line":80,"column":8},"end":{"line":82,"column":9}},"29":{"start":{"line":81,"column":10},"end":{"line":81,"column":55}},"30":{"start":{"line":85,"column":41},"end":{"line":88,"column":8}},"31":{"start":{"line":90,"column":21},"end":{"line":90,"column":43}},"32":{"start":{"line":93,"column":8},"end":{"line":98,"column":10}},"33":{"start":{"line":101,"column":6},"end":{"line":101,"column":38}},"34":{"start":{"line":104,"column":26},"end":{"line":104,"column":28}},"35":{"start":{"line":105,"column":6},"end":{"line":112,"column":7}},"36":{"start":{"line":106,"column":27},"end":{"line":106,"column":51}},"37":{"start":{"line":107,"column":8},"end":{"line":107,"column":39}},"38":{"start":{"line":108,"column":8},"end":{"line":108,"column":68}},"39":{"start":{"line":110,"column":8},"end":{"line":110,"column":149}},"40":{"start":{"line":115,"column":6},"end":{"line":121,"column":8}},"41":{"start":{"line":123,"column":6},"end":{"line":123,"column":24}},"42":{"start":{"line":125,"column":6},"end":{"line":125,"column":122}},"43":{"start":{"line":127,"column":8},"end":{"line":134,"column":10}},"44":{"start":{"line":136,"column":6},"end":{"line":149,"column":7}},"45":{"start":{"line":137,"column":10},"end":{"line":142,"column":12}},"46":{"start":{"line":145,"column":10},"end":{"line":145,"column":55}},"47":{"start":{"line":150,"column":6},"end":{"line":150,"column":18}},"48":{"start":{"line":158,"column":4},"end":{"line":160,"column":29}},"49":{"start":{"line":159,"column":35},"end":{"line":159,"column":58}},"50":{"start":{"line":160,"column":23},"end":{"line":160,"column":27}},"51":{"start":{"line":168,"column":122},"end":{"line":168,"column":124}},"52":{"start":{"line":169,"column":6},"end":{"line":181,"column":7}},"53":{"start":{"line":170,"column":29},"end":{"line":170,"column":53}},"54":{"start":{"line":171,"column":10},"end":{"line":180,"column":11}},"55":{"start":{"line":172,"column":14},"end":{"line":172,"column":61}},"56":{"start":{"line":173,"column":17},"end":{"line":180,"column":11}},"57":{"start":{"line":176,"column":14},"end":{"line":176,"column":64}},"58":{"start":{"line":179,"column":14},"end":{"line":179,"column":64}},"59":{"start":{"line":182,"column":6},"end":{"line":182,"column":22}},"60":{"start":{"line":189,"column":6},"end":{"line":189,"column":79}},"61":{"start":{"line":190,"column":52},"end":{"line":190,"column":54}},"62":{"start":{"line":191,"column":32},"end":{"line":193,"column":32}},"63":{"start":{"line":192,"column":39},"end":{"line":192,"column":63}},"64":{"start":{"line":193,"column":27},"end":{"line":193,"column":31}},"65":{"start":{"line":196,"column":6},"end":{"line":200,"column":7}},"66":{"start":{"line":197,"column":10},"end":{"line":199,"column":11}},"67":{"start":{"line":198,"column":14},"end":{"line":198,"column":49}},"68":{"start":{"line":202,"column":32},"end":{"line":202,"column":63}},"69":{"start":{"line":204,"column":6},"end":{"line":207,"column":7}},"70":{"start":{"line":205,"column":10},"end":{"line":205,"column":55}},"71":{"start":{"line":206,"column":10},"end":{"line":206,"column":44}},"72":{"start":{"line":209,"column":6},"end":{"line":209,"column":79}},"73":{"start":{"line":211,"column":6},"end":{"line":220,"column":7}},"74":{"start":{"line":212,"column":31},"end":{"line":212,"column":65}},"75":{"start":{"line":213,"column":10},"end":{"line":219,"column":11}},"76":{"start":{"line":215,"column":14},"end":{"line":215,"column":46}},"77":{"start":{"line":216,"column":14},"end":{"line":216,"column":81}},"78":{"start":{"line":218,"column":14},"end":{"line":218,"column":86}},"79":{"start":{"line":222,"column":22},"end":{"line":222,"column":61}},"80":{"start":{"line":225,"column":6},"end":{"line":232,"column":9}},"81":{"start":{"line":226,"column":29},"end":{"line":226,"column":53}},"82":{"start":{"line":227,"column":10},"end":{"line":231,"column":11}},"83":{"start":{"line":228,"column":14},"end":{"line":228,"column":70}},"84":{"start":{"line":230,"column":14},"end":{"line":230,"column":85}},"85":{"start":{"line":234,"column":6},"end":{"line":234,"column":40}},"86":{"start":{"line":241,"column":19},"end":{"line":241,"column":43}},"87":{"start":{"line":243,"column":4},"end":{"line":245,"column":5}},"88":{"start":{"line":244,"column":8},"end":{"line":244,"column":67}},"89":{"start":{"line":246,"column":4},"end":{"line":249,"column":5}},"90":{"start":{"line":248,"column":8},"end":{"line":248,"column":92}},"91":{"start":{"line":251,"column":4},"end":{"line":251,"column":30}},"92":{"start":{"line":258,"column":32},"end":{"line":258,"column":34}},"93":{"start":{"line":259,"column":32},"end":{"line":259,"column":58}},"94":{"start":{"line":261,"column":7},"end":{"line":285,"column":8}},"95":{"start":{"line":262,"column":11},"end":{"line":284,"column":12}},"96":{"start":{"line":264,"column":34},"end":{"line":264,"column":58}},"97":{"start":{"line":265,"column":15},"end":{"line":280,"column":16}},"98":{"start":{"line":272,"column":38},"end":{"line":272,"column":73}},"99":{"start":{"line":273,"column":33},"end":{"line":273,"column":55}},"100":{"start":{"line":276,"column":19},"end":{"line":276,"column":43}},"101":{"start":{"line":278,"column":19},"end":{"line":278,"column":44}},"102":{"start":{"line":282,"column":15},"end":{"line":282,"column":143}},"103":{"start":{"line":289,"column":7},"end":{"line":289,"column":23}},"104":{"start":{"line":302,"column":22},"end":{"line":302,"column":32}},"105":{"start":{"line":305,"column":19},"end":{"line":305,"column":43}},"106":{"start":{"line":306,"column":4},"end":{"line":314,"column":5}},"107":{"start":{"line":307,"column":7},"end":{"line":313,"column":9}},"108":{"start":{"line":317,"column":27},"end":{"line":317,"column":71}},"109":{"start":{"line":317,"column":51},"end":{"line":317,"column":70}},"110":{"start":{"line":318,"column":4},"end":{"line":322,"column":5}},"111":{"start":{"line":320,"column":7},"end":{"line":320,"column":114}},"112":{"start":{"line":327,"column":22},"end":{"line":327,"column":89}},"113":{"start":{"line":331,"column":4},"end":{"line":339,"column":5}},"114":{"start":{"line":332,"column":22},"end":{"line":332,"column":72}},"115":{"start":{"line":333,"column":14},"end":{"line":333,"column":15}},"116":{"start":{"line":334,"column":6},"end":{"line":334,"column":95}},"117":{"start":{"line":335,"column":6},"end":{"line":338,"column":14}},"118":{"start":{"line":336,"column":8},"end":{"line":336,"column":37}},"119":{"start":{"line":337,"column":8},"end":{"line":337,"column":97}},"120":{"start":{"line":340,"column":4},"end":{"line":396,"column":5}},"121":{"start":{"line":342,"column":21},"end":{"line":344,"column":9}},"122":{"start":{"line":347,"column":6},"end":{"line":347,"column":96}},"123":{"start":{"line":351,"column":6},"end":{"line":369,"column":7}},"124":{"start":{"line":353,"column":29},"end":{"line":353,"column":68}},"125":{"start":{"line":355,"column":10},"end":{"line":360,"column":11}},"126":{"start":{"line":356,"column":25},"end":{"line":356,"column":42}},"127":{"start":{"line":357,"column":12},"end":{"line":359,"column":13}},"128":{"start":{"line":358,"column":14},"end":{"line":358,"column":49}},"129":{"start":{"line":361,"column":10},"end":{"line":368,"column":12}},"130":{"start":{"line":372,"column":6},"end":{"line":378,"column":8}},"131":{"start":{"line":380,"column":7},"end":{"line":380,"column":83}},"132":{"start":{"line":381,"column":6},"end":{"line":387,"column":8}},"133":{"start":{"line":390,"column":6},"end":{"line":395,"column":7}},"134":{"start":{"line":391,"column":8},"end":{"line":391,"column":40}},"135":{"start":{"line":392,"column":8},"end":{"line":394,"column":9}},"136":{"start":{"line":393,"column":10},"end":{"line":393,"column":61}},"137":{"start":{"line":403,"column":4},"end":{"line":408,"column":5}},"138":{"start":{"line":404,"column":6},"end":{"line":404,"column":65}},"139":{"start":{"line":404,"column":56},"end":{"line":404,"column":65}},"140":{"start":{"line":406,"column":22},"end":{"line":406,"column":75}},"141":{"start":{"line":406,"column":52},"end":{"line":406,"column":74}},"142":{"start":{"line":407,"column":6},"end":{"line":407,"column":37}},"143":{"start":{"line":407,"column":19},"end":{"line":407,"column":37}},"144":{"start":{"line":410,"column":4},"end":{"line":410,"column":16}},"145":{"start":{"line":417,"column":26},"end":{"line":428,"column":6}},"146":{"start":{"line":418,"column":6},"end":{"line":427,"column":7}},"147":{"start":{"line":419,"column":8},"end":{"line":419,"column":56}},"148":{"start":{"line":420,"column":8},"end":{"line":426,"column":9}},"149":{"start":{"line":421,"column":10},"end":{"line":421,"column":45}},"150":{"start":{"line":422,"column":10},"end":{"line":422,"column":41}},"151":{"start":{"line":424,"column":10},"end":{"line":425,"column":68}},"152":{"start":{"line":430,"column":4},"end":{"line":430,"column":44}},"153":{"start":{"line":432,"column":5},"end":{"line":432,"column":23}},"154":{"start":{"line":433,"column":5},"end":{"line":433,"column":57}},"155":{"start":{"line":15,"column":0},"end":{"line":15,"column":13}}},"fnMap":{"0":{"name":"(anonymous_0)","decl":{"start":{"line":20,"column":2},"end":{"line":20,"column":14}},"loc":{"start":{"line":20,"column":41},"end":{"line":24,"column":3}}},"1":{"name":"(anonymous_1)","decl":{"start":{"line":29,"column":2},"end":{"line":29,"column":7}},"loc":{"start":{"line":29,"column":18},"end":{"line":42,"column":3}}},"2":{"name":"(anonymous_2)","decl":{"start":{"line":40,"column":14},"end":{"line":40,"column":15}},"loc":{"start":{"line":40,"column":68},"end":{"line":40,"column":97}}},"3":{"name":"(anonymous_3)","decl":{"start":{"line":41,"column":11},"end":{"line":41,"column":17}},"loc":{"start":{"line":41,"column":21},"end":{"line":41,"column":33}}},"4":{"name":"(anonymous_4)","decl":{"start":{"line":47,"column":2},"end":{"line":47,"column":7}},"loc":{"start":{"line":47,"column":75},"end":{"line":152,"column":3}}},"5":{"name":"(anonymous_5)","decl":{"start":{"line":67,"column":73},"end":{"line":67,"column":74}},"loc":{"start":{"line":67,"column":85},"end":{"line":67,"column":100}}},"6":{"name":"(anonymous_6)","decl":{"start":{"line":71,"column":26},"end":{"line":71,"column":27}},"loc":{"start":{"line":71,"column":36},"end":{"line":76,"column":7}}},"7":{"name":"(anonymous_7)","decl":{"start":{"line":78,"column":26},"end":{"line":78,"column":29}},"loc":{"start":{"line":78,"column":31},"end":{"line":83,"column":7}}},"8":{"name":"(anonymous_8)","decl":{"start":{"line":157,"column":2},"end":{"line":157,"column":21}},"loc":{"start":{"line":157,"column":21},"end":{"line":161,"column":3}}},"9":{"name":"(anonymous_9)","decl":{"start":{"line":159,"column":14},"end":{"line":159,"column":15}},"loc":{"start":{"line":159,"column":35},"end":{"line":159,"column":58}}},"10":{"name":"(anonymous_10)","decl":{"start":{"line":160,"column":11},"end":{"line":160,"column":12}},"loc":{"start":{"line":160,"column":23},"end":{"line":160,"column":27}}},"11":{"name":"(anonymous_11)","decl":{"start":{"line":167,"column":2},"end":{"line":167,"column":19}},"loc":{"start":{"line":167,"column":19},"end":{"line":183,"column":3}}},"12":{"name":"(anonymous_12)","decl":{"start":{"line":188,"column":2},"end":{"line":188,"column":7}},"loc":{"start":{"line":188,"column":33},"end":{"line":235,"column":3}}},"13":{"name":"(anonymous_13)","decl":{"start":{"line":192,"column":18},"end":{"line":192,"column":19}},"loc":{"start":{"line":192,"column":39},"end":{"line":192,"column":63}}},"14":{"name":"(anonymous_14)","decl":{"start":{"line":193,"column":15},"end":{"line":193,"column":16}},"loc":{"start":{"line":193,"column":27},"end":{"line":193,"column":31}}},"15":{"name":"(anonymous_15)","decl":{"start":{"line":225,"column":22},"end":{"line":225,"column":23}},"loc":{"start":{"line":225,"column":40},"end":{"line":232,"column":7}}},"16":{"name":"(anonymous_16)","decl":{"start":{"line":240,"column":2},"end":{"line":240,"column":16}},"loc":{"start":{"line":240,"column":35},"end":{"line":252,"column":3}}},"17":{"name":"(anonymous_17)","decl":{"start":{"line":257,"column":3},"end":{"line":257,"column":8}},"loc":{"start":{"line":257,"column":20},"end":{"line":290,"column":4}}},"18":{"name":"(anonymous_18)","decl":{"start":{"line":296,"column":2},"end":{"line":296,"column":7}},"loc":{"start":{"line":300,"column":38},"end":{"line":397,"column":3}}},"19":{"name":"(anonymous_19)","decl":{"start":{"line":317,"column":46},"end":{"line":317,"column":47}},"loc":{"start":{"line":317,"column":51},"end":{"line":317,"column":70}}},"20":{"name":"(anonymous_20)","decl":{"start":{"line":335,"column":37},"end":{"line":335,"column":40}},"loc":{"start":{"line":335,"column":42},"end":{"line":338,"column":7}}},"21":{"name":"(anonymous_21)","decl":{"start":{"line":402,"column":2},"end":{"line":402,"column":18}},"loc":{"start":{"line":402,"column":35},"end":{"line":411,"column":3}}},"22":{"name":"(anonymous_22)","decl":{"start":{"line":406,"column":44},"end":{"line":406,"column":48}},"loc":{"start":{"line":406,"column":52},"end":{"line":406,"column":74}}},"23":{"name":"(anonymous_23)","decl":{"start":{"line":416,"column":2},"end":{"line":416,"column":7}},"loc":{"start":{"line":416,"column":16},"end":{"line":434,"column":3}}},"24":{"name":"(anonymous_24)","decl":{"start":{"line":417,"column":59},"end":{"line":417,"column":64}},"loc":{"start":{"line":417,"column":88},"end":{"line":428,"column":5}}}},"branchMap":{"0":{"loc":{"start":{"line":51,"column":5},"end":{"line":54,"column":6}},"type":"if","locations":[{"start":{"line":51,"column":5},"end":{"line":54,"column":6}}]},"1":{"loc":{"start":{"line":55,"column":6},"end":{"line":59,"column":6}},"type":"if","locations":[{"start":{"line":55,"column":6},"end":{"line":59,"column":6}}]},"2":{"loc":{"start":{"line":65,"column":14},"end":{"line":65,"column":37}},"type":"binary-expr","locations":[{"start":{"line":65,"column":14},"end":{"line":65,"column":31}},{"start":{"line":65,"column":35},"end":{"line":65,"column":37}}]},"3":{"loc":{"start":{"line":67,"column":134},"end":{"line":67,"column":156}},"type":"binary-expr","locations":[{"start":{"line":67,"column":134},"end":{"line":67,"column":150}},{"start":{"line":67,"column":154},"end":{"line":67,"column":156}}]},"4":{"loc":{"start":{"line":73,"column":8},"end":{"line":75,"column":9}},"type":"if","locations":[{"start":{"line":73,"column":8},"end":{"line":75,"column":9}}]},"5":{"loc":{"start":{"line":80,"column":8},"end":{"line":82,"column":9}},"type":"if","locations":[{"start":{"line":80,"column":8},"end":{"line":82,"column":9}}]},"6":{"loc":{"start":{"line":107,"column":16},"end":{"line":107,"column":38}},"type":"binary-expr","locations":[{"start":{"line":107,"column":16},"end":{"line":107,"column":32}},{"start":{"line":107,"column":36},"end":{"line":107,"column":38}}]},"7":{"loc":{"start":{"line":110,"column":79},"end":{"line":110,"column":145}},"type":"cond-expr","locations":[{"start":{"line":110,"column":108},"end":{"line":110,"column":125}},{"start":{"line":110,"column":128},"end":{"line":110,"column":145}}]},"8":{"loc":{"start":{"line":125,"column":64},"end":{"line":125,"column":118}},"type":"cond-expr","locations":[{"start":{"line":125,"column":89},"end":{"line":125,"column":102}},{"start":{"line":125,"column":105},"end":{"line":125,"column":118}}]},"9":{"loc":{"start":{"line":136,"column":6},"end":{"line":149,"column":7}},"type":"if","locations":[{"start":{"line":136,"column":6},"end":{"line":149,"column":7}},{"start":{"line":143,"column":13},"end":{"line":149,"column":7}}]},"10":{"loc":{"start":{"line":171,"column":10},"end":{"line":180,"column":11}},"type":"if","locations":[{"start":{"line":171,"column":10},"end":{"line":180,"column":11}},{"start":{"line":173,"column":17},"end":{"line":180,"column":11}}]},"11":{"loc":{"start":{"line":173,"column":17},"end":{"line":180,"column":11}},"type":"if","locations":[{"start":{"line":173,"column":17},"end":{"line":180,"column":11}},{"start":{"line":177,"column":17},"end":{"line":180,"column":11}}]},"12":{"loc":{"start":{"line":197,"column":10},"end":{"line":199,"column":11}},"type":"if","locations":[{"start":{"line":197,"column":10},"end":{"line":199,"column":11}}]},"13":{"loc":{"start":{"line":204,"column":6},"end":{"line":207,"column":7}},"type":"if","locations":[{"start":{"line":204,"column":6},"end":{"line":207,"column":7}}]},"14":{"loc":{"start":{"line":213,"column":10},"end":{"line":219,"column":11}},"type":"if","locations":[{"start":{"line":213,"column":10},"end":{"line":219,"column":11}},{"start":{"line":217,"column":17},"end":{"line":219,"column":11}}]},"15":{"loc":{"start":{"line":227,"column":10},"end":{"line":231,"column":11}},"type":"if","locations":[{"start":{"line":227,"column":10},"end":{"line":231,"column":11}},{"start":{"line":229,"column":17},"end":{"line":231,"column":11}}]},"16":{"loc":{"start":{"line":243,"column":4},"end":{"line":245,"column":5}},"type":"if","locations":[{"start":{"line":243,"column":4},"end":{"line":245,"column":5}}]},"17":{"loc":{"start":{"line":246,"column":4},"end":{"line":249,"column":5}},"type":"if","locations":[{"start":{"line":246,"column":4},"end":{"line":249,"column":5}}]},"18":{"loc":{"start":{"line":246,"column":8},"end":{"line":246,"column":44}},"type":"binary-expr","locations":[{"start":{"line":246,"column":8},"end":{"line":246,"column":27}},{"start":{"line":246,"column":31},"end":{"line":246,"column":44}}]},"19":{"loc":{"start":{"line":251,"column":11},"end":{"line":251,"column":29}},"type":"binary-expr","locations":[{"start":{"line":251,"column":11},"end":{"line":251,"column":23}},{"start":{"line":251,"column":27},"end":{"line":251,"column":29}}]},"20":{"loc":{"start":{"line":265,"column":15},"end":{"line":280,"column":16}},"type":"if","locations":[{"start":{"line":265,"column":15},"end":{"line":280,"column":16}}]},"21":{"loc":{"start":{"line":265,"column":19},"end":{"line":265,"column":63}},"type":"binary-expr","locations":[{"start":{"line":265,"column":19},"end":{"line":265,"column":42}},{"start":{"line":265,"column":46},"end":{"line":265,"column":63}}]},"22":{"loc":{"start":{"line":273,"column":33},"end":{"line":273,"column":55}},"type":"binary-expr","locations":[{"start":{"line":273,"column":33},"end":{"line":273,"column":49}},{"start":{"line":273,"column":53},"end":{"line":273,"column":55}}]},"23":{"loc":{"start":{"line":282,"column":85},"end":{"line":282,"column":139}},"type":"cond-expr","locations":[{"start":{"line":282,"column":110},"end":{"line":282,"column":123}},{"start":{"line":282,"column":126},"end":{"line":282,"column":139}}]},"24":{"loc":{"start":{"line":300,"column":4},"end":{"line":300,"column":38}},"type":"default-arg","locations":[{"start":{"line":300,"column":36},"end":{"line":300,"column":38}}]},"25":{"loc":{"start":{"line":306,"column":4},"end":{"line":314,"column":5}},"type":"if","locations":[{"start":{"line":306,"column":4},"end":{"line":314,"column":5}}]},"26":{"loc":{"start":{"line":306,"column":8},"end":{"line":306,"column":56}},"type":"binary-expr","locations":[{"start":{"line":306,"column":8},"end":{"line":306,"column":15}},{"start":{"line":306,"column":19},"end":{"line":306,"column":38}},{"start":{"line":306,"column":42},"end":{"line":306,"column":56}}]},"27":{"loc":{"start":{"line":318,"column":4},"end":{"line":322,"column":5}},"type":"if","locations":[{"start":{"line":318,"column":4},"end":{"line":322,"column":5}}]},"28":{"loc":{"start":{"line":327,"column":22},"end":{"line":327,"column":89}},"type":"cond-expr","locations":[{"start":{"line":327,"column":41},"end":{"line":327,"column":63}},{"start":{"line":327,"column":66},"end":{"line":327,"column":89}}]},"29":{"loc":{"start":{"line":331,"column":4},"end":{"line":339,"column":5}},"type":"if","locations":[{"start":{"line":331,"column":4},"end":{"line":339,"column":5}}]},"30":{"loc":{"start":{"line":351,"column":6},"end":{"line":369,"column":7}},"type":"if","locations":[{"start":{"line":351,"column":6},"end":{"line":369,"column":7}}]},"31":{"loc":{"start":{"line":355,"column":10},"end":{"line":360,"column":11}},"type":"if","locations":[{"start":{"line":355,"column":10},"end":{"line":360,"column":11}}]},"32":{"loc":{"start":{"line":355,"column":14},"end":{"line":355,"column":72}},"type":"binary-expr","locations":[{"start":{"line":355,"column":14},"end":{"line":355,"column":43}},{"start":{"line":355,"column":47},"end":{"line":355,"column":72}}]},"33":{"loc":{"start":{"line":357,"column":12},"end":{"line":359,"column":13}},"type":"if","locations":[{"start":{"line":357,"column":12},"end":{"line":359,"column":13}}]},"34":{"loc":{"start":{"line":357,"column":16},"end":{"line":357,"column":108}},"type":"binary-expr","locations":[{"start":{"line":357,"column":16},"end":{"line":357,"column":20}},{"start":{"line":357,"column":24},"end":{"line":357,"column":48}},{"start":{"line":357,"column":52},"end":{"line":357,"column":66}},{"start":{"line":357,"column":70},"end":{"line":357,"column":90}},{"start":{"line":357,"column":94},"end":{"line":357,"column":108}}]},"35":{"loc":{"start":{"line":386,"column":22},"end":{"line":386,"column":76}},"type":"cond-expr","locations":[{"start":{"line":386,"column":47},"end":{"line":386,"column":60}},{"start":{"line":386,"column":63},"end":{"line":386,"column":76}}]},"36":{"loc":{"start":{"line":390,"column":6},"end":{"line":395,"column":7}},"type":"if","locations":[{"start":{"line":390,"column":6},"end":{"line":395,"column":7}}]},"37":{"loc":{"start":{"line":392,"column":8},"end":{"line":394,"column":9}},"type":"if","locations":[{"start":{"line":392,"column":8},"end":{"line":394,"column":9}}]},"38":{"loc":{"start":{"line":404,"column":6},"end":{"line":404,"column":65}},"type":"if","locations":[{"start":{"line":404,"column":6},"end":{"line":404,"column":65}}]},"39":{"loc":{"start":{"line":404,"column":10},"end":{"line":404,"column":54}},"type":"binary-expr","locations":[{"start":{"line":404,"column":10},"end":{"line":404,"column":33}},{"start":{"line":404,"column":37},"end":{"line":404,"column":54}}]},"40":{"loc":{"start":{"line":407,"column":6},"end":{"line":407,"column":37}},"type":"if","locations":[{"start":{"line":407,"column":6},"end":{"line":407,"column":37}}]},"41":{"loc":{"start":{"line":418,"column":6},"end":{"line":427,"column":7}},"type":"if","locations":[{"start":{"line":418,"column":6},"end":{"line":427,"column":7}}]},"42":{"loc":{"start":{"line":425,"column":12},"end":{"line":425,"column":66}},"type":"cond-expr","locations":[{"start":{"line":425,"column":37},"end":{"line":425,"column":50}},{"start":{"line":425,"column":53},"end":{"line":425,"column":66}}]}},"s":{"0":1,"1":1,"2":4,"3":4,"4":4,"5":0,"6":0,"7":0,"8":0,"9":0,"10":0,"11":0,"12":0,"13":0,"14":0,"15":0,"16":0,"17":0,"18":0,"19":0,"20":0,"21":0,"22":0,"23":0,"24":0,"25":0,"26":0,"27":0,"28":0,"29":0,"30":0,"31":0,"32":0,"33":0,"34":0,"35":0,"36":0,"37":0,"38":0,"39":0,"40":0,"41":0,"42":0,"43":0,"44":0,"45":0,"46":0,"47":0,"48":0,"49":0,"50":0,"51":1,"52":1,"53":2,"54":2,"55":0,"56":2,"57":0,"58":2,"59":1,"60":0,"61":0,"62":0,"63":0,"64":0,"65":0,"66":0,"67":0,"68":0,"69":0,"70":0,"71":0,"72":0,"73":0,"74":0,"75":0,"76":0,"77":0,"78":0,"79":0,"80":0,"81":0,"82":0,"83":0,"84":0,"85":0,"86":0,"87":0,"88":0,"89":0,"90":0,"91":0,"92":0,"93":0,"94":0,"95":0,"96":0,"97":0,"98":0,"99":0,"100":0,"101":0,"102":0,"103":0,"104":0,"105":0,"106":0,"107":0,"108":0,"109":0,"110":0,"111":0,"112":0,"113":0,"114":0,"115":0,"116":0,"117":0,"118":0,"119":0,"120":0,"121":0,"122":0,"123":0,"124":0,"125":0,"126":0,"127":0,"128":0,"129":0,"130":0,"131":0,"132":0,"133":0,"134":0,"135":0,"136":0,"137":0,"138":0,"139":0,"140":0,"141":0,"142":0,"143":0,"144":0,"145":0,"146":0,"147":0,"148":0,"149":0,"150":0,"151":0,"152":0,"153":0,"154":0,"155":1},"f":{"0":4,"1":0,"2":0,"3":0,"4":0,"5":0,"6":0,"7":0,"8":0,"9":0,"10":0,"11":1,"12":0,"13":0,"14":0,"15":0,"16":0,"17":0,"18":0,"19":0,"20":0,"21":0,"22":0,"23":0,"24":0},"b":{"0":[0],"1":[0],"2":[0,0],"3":[0,0],"4":[0],"5":[0],"6":[0,0],"7":[0,0],"8":[0,0],"9":[0,0],"10":[0,2],"11":[0,2],"12":[0],"13":[0],"14":[0,0],"15":[0,0],"16":[0],"17":[0],"18":[0,0],"19":[0,0],"20":[0],"21":[0,0],"22":[0,0],"23":[0,0],"24":[0],"25":[0],"26":[0,0,0],"27":[0],"28":[0,0],"29":[0],"30":[0],"31":[0],"32":[0,0],"33":[0],"34":[0,0,0,0,0],"35":[0,0],"36":[0],"37":[0],"38":[0],"39":[0,0],"40":[0],"41":[0],"42":[0,0]}}
,"/home/elliot/Projects/mcp/multi-client/src/conversation/Message.ts": {"path":"/home/elliot/Projects/mcp/multi-client/src/conversation/Message.ts","statementMap":{"0":{"start":{"line":78,"column":0},"end":{"line":78,"column":16}},"1":{"start":{"line":82,"column":0},"end":{"line":82,"column":16}},"2":{"start":{"line":86,"column":0},"end":{"line":86,"column":16}},"3":{"start":{"line":90,"column":0},"end":{"line":90,"column":16}},"4":{"start":{"line":1,"column":0},"end":{"line":1,"column":null}},"5":{"start":{"line":12,"column":9},"end":{"line":2,"column":null}},"6":{"start":{"line":12,"column":22},"end":{"line":7,"column":null}},"7":{"start":{"line":20,"column":4},"end":{"line":20,"column":19}},"8":{"start":{"line":18,"column":0},"end":{"line":18,"column":13}},"9":{"start":{"line":26,"column":4},"end":{"line":26,"column":19}},"10":{"start":{"line":24,"column":0},"end":{"line":24,"column":13}},"11":{"start":{"line":47,"column":18},"end":{"line":51,"column":6}},"12":{"start":{"line":53,"column":4},"end":{"line":53,"column":17}},"13":{"start":{"line":56,"column":4},"end":{"line":56,"column":99}},"14":{"start":{"line":57,"column":4},"end":{"line":57,"column":63}},"15":{"start":{"line":30,"column":0},"end":{"line":30,"column":13}},"16":{"start":{"line":69,"column":4},"end":{"line":73,"column":7}},"17":{"start":{"line":61,"column":0},"end":{"line":61,"column":13}},"18":{"start":{"line":79,"column":4},"end":{"line":79,"column":38}},"19":{"start":{"line":83,"column":4},"end":{"line":83,"column":37}},"20":{"start":{"line":87,"column":4},"end":{"line":87,"column":43}},"21":{"start":{"line":91,"column":2},"end":{"line":91,"column":56}}},"fnMap":{"0":{"name":"(anonymous_0)","decl":{"start":{"line":12,"column":9},"end":{"line":12,"column":20}},"loc":{"start":{"line":12,"column":9},"end":{"line":2,"column":null}}},"1":{"name":"(anonymous_1)","decl":{"start":{"line":12,"column":22},"end":{"line":12,"column":36}},"loc":{"start":{"line":12,"column":22},"end":{"line":7,"column":null}}},"2":{"name":"(anonymous_2)","decl":{"start":{"line":19,"column":2},"end":{"line":19,"column":14}},"loc":{"start":{"line":19,"column":29},"end":{"line":21,"column":3}}},"3":{"name":"(anonymous_3)","decl":{"start":{"line":25,"column":2},"end":{"line":25,"column":14}},"loc":{"start":{"line":25,"column":29},"end":{"line":27,"column":3}}},"4":{"name":"(anonymous_4)","decl":{"start":{"line":36,"column":2},"end":{"line":36,"column":null}},"loc":{"start":{"line":43,"column":5},"end":{"line":58,"column":3}}},"5":{"name":"(anonymous_5)","decl":{"start":{"line":62,"column":2},"end":{"line":62,"column":null}},"loc":{"start":{"line":65,"column":21},"end":{"line":74,"column":3}}},"6":{"name":"createSystemMessage","decl":{"start":{"line":78,"column":16},"end":{"line":78,"column":35}},"loc":{"start":{"line":78,"column":51},"end":{"line":80,"column":1}}},"7":{"name":"createHumanMessage","decl":{"start":{"line":82,"column":16},"end":{"line":82,"column":34}},"loc":{"start":{"line":82,"column":50},"end":{"line":84,"column":1}}},"8":{"name":"createAiMessage","decl":{"start":{"line":86,"column":16},"end":{"line":86,"column":31}},"loc":{"start":{"line":86,"column":113},"end":{"line":88,"column":1}}},"9":{"name":"createToolMessage","decl":{"start":{"line":90,"column":16},"end":{"line":90,"column":33}},"loc":{"start":{"line":90,"column":88},"end":{"line":92,"column":1}}}},"branchMap":{"0":{"loc":{"start":{"line":49,"column":25},"end":{"line":49,"column":57}},"type":"binary-expr","locations":[{"start":{"line":49,"column":25},"end":{"line":49,"column":51}},{"start":{"line":49,"column":55},"end":{"line":49,"column":57}}]},"1":{"loc":{"start":{"line":50,"column":18},"end":{"line":50,"column":43}},"type":"binary-expr","locations":[{"start":{"line":50,"column":18},"end":{"line":50,"column":37}},{"start":{"line":50,"column":41},"end":{"line":50,"column":43}}]},"2":{"loc":{"start":{"line":56,"column":24},"end":{"line":56,"column":98}},"type":"binary-expr","locations":[{"start":{"line":56,"column":24},"end":{"line":56,"column":45}},{"start":{"line":56,"column":50},"end":{"line":56,"column":66}},{"start":{"line":56,"column":70},"end":{"line":56,"column":97}}]},"3":{"loc":{"start":{"line":57,"column":28},"end":{"line":57,"column":62}},"type":"binary-expr","locations":[{"start":{"line":57,"column":28},"end":{"line":57,"column":53}},{"start":{"line":57,"column":57},"end":{"line":57,"column":62}}]}},"s":{"0":1,"1":1,"2":1,"3":1,"4":1,"5":1,"6":1,"7":1,"8":1,"9":1,"10":1,"11":2,"12":2,"13":2,"14":2,"15":1,"16":1,"17":1,"18":1,"19":1,"20":2,"21":1},"f":{"0":0,"1":0,"2":1,"3":1,"4":2,"5":1,"6":1,"7":1,"8":2,"9":1},"b":{"0":[2,2],"1":[2,2],"2":[2,1,1],"3":[2,1]}}
,"/home/elliot/Projects/mcp/multi-client/src/conversation/ToolParser.ts": {"path":"/home/elliot/Projects/mcp/multi-client/src/conversation/ToolParser.ts","statementMap":{"0":{"start":{"line":16,"column":44},"end":{"line":16,"column":61}},"1":{"start":{"line":17,"column":42},"end":{"line":17,"column":63}},"2":{"start":{"line":25,"column":40},"end":{"line":25,"column":42}},"3":{"start":{"line":26,"column":21},"end":{"line":26,"column":22}},"4":{"start":{"line":28,"column":4},"end":{"line":80,"column":5}},"5":{"start":{"line":30,"column":25},"end":{"line":30,"column":71}},"6":{"start":{"line":31,"column":6},"end":{"line":31,"column":35}},"7":{"start":{"line":31,"column":29},"end":{"line":31,"column":35}},"8":{"start":{"line":34,"column":23},"end":{"line":34,"column":67}},"9":{"start":{"line":35,"column":6},"end":{"line":38,"column":7}},"10":{"start":{"line":36,"column":10},"end":{"line":36,"column":112}},"11":{"start":{"line":37,"column":10},"end":{"line":37,"column":16}},"12":{"start":{"line":41,"column":24},"end":{"line":41,"column":64}},"13":{"start":{"line":42,"column":22},"end":{"line":42,"column":30}},"14":{"start":{"line":43,"column":35},"end":{"line":43,"column":76}},"15":{"start":{"line":46,"column":6},"end":{"line":75,"column":7}},"16":{"start":{"line":47,"column":29},"end":{"line":47,"column":61}},"17":{"start":{"line":50,"column":8},"end":{"line":67,"column":9}},"18":{"start":{"line":59,"column":10},"end":{"line":64,"column":13}},"19":{"start":{"line":66,"column":10},"end":{"line":66,"column":95}},"20":{"start":{"line":71,"column":8},"end":{"line":71,"column":167}},"21":{"start":{"line":72,"column":8},"end":{"line":72,"column":92}},"22":{"start":{"line":79,"column":6},"end":{"line":79,"column":56}},"23":{"start":{"line":82,"column":4},"end":{"line":82,"column":21}},"24":{"start":{"line":91,"column":4},"end":{"line":91,"column":84}},"25":{"start":{"line":103,"column":20},"end":{"line":103,"column":24}},"26":{"start":{"line":104,"column":22},"end":{"line":104,"column":47}},"27":{"start":{"line":107,"column":4},"end":{"line":109,"column":5}},"28":{"start":{"line":108,"column":6},"end":{"line":108,"column":88}},"29":{"start":{"line":111,"column":4},"end":{"line":111,"column":36}},"30":{"start":{"line":15,"column":0},"end":{"line":15,"column":13}}},"fnMap":{"0":{"name":"(anonymous_0)","decl":{"start":{"line":24,"column":2},"end":{"line":24,"column":8}},"loc":{"start":{"line":24,"column":36},"end":{"line":83,"column":3}}},"1":{"name":"(anonymous_1)","decl":{"start":{"line":90,"column":2},"end":{"line":90,"column":8}},"loc":{"start":{"line":90,"column":39},"end":{"line":92,"column":3}}},"2":{"name":"(anonymous_2)","decl":{"start":{"line":99,"column":2},"end":{"line":99,"column":8}},"loc":{"start":{"line":99,"column":39},"end":{"line":112,"column":3}}}},"branchMap":{"0":{"loc":{"start":{"line":31,"column":6},"end":{"line":31,"column":35}},"type":"if","locations":[{"start":{"line":31,"column":6},"end":{"line":31,"column":35}}]},"1":{"loc":{"start":{"line":35,"column":6},"end":{"line":38,"column":7}},"type":"if","locations":[{"start":{"line":35,"column":6},"end":{"line":38,"column":7}}]},"2":{"loc":{"start":{"line":50,"column":8},"end":{"line":67,"column":9}},"type":"if","locations":[{"start":{"line":50,"column":8},"end":{"line":67,"column":9}},{"start":{"line":65,"column":15},"end":{"line":67,"column":9}}]},"3":{"loc":{"start":{"line":51,"column":10},"end":{"line":56,"column":48}},"type":"binary-expr","locations":[{"start":{"line":51,"column":10},"end":{"line":51,"column":42}},{"start":{"line":52,"column":10},"end":{"line":52,"column":31}},{"start":{"line":53,"column":10},"end":{"line":53,"column":47}},{"start":{"line":54,"column":10},"end":{"line":54,"column":52}},{"start":{"line":55,"column":10},"end":{"line":55,"column":41}},{"start":{"line":56,"column":10},"end":{"line":56,"column":48}}]},"4":{"loc":{"start":{"line":71,"column":111},"end":{"line":71,"column":165}},"type":"cond-expr","locations":[{"start":{"line":71,"column":136},"end":{"line":71,"column":149}},{"start":{"line":71,"column":152},"end":{"line":71,"column":165}}]},"5":{"loc":{"start":{"line":91,"column":11},"end":{"line":91,"column":83}},"type":"binary-expr","locations":[{"start":{"line":91,"column":11},"end":{"line":91,"column":46}},{"start":{"line":91,"column":50},"end":{"line":91,"column":83}}]}},"s":{"0":1,"1":1,"2":6,"3":6,"4":6,"5":9,"6":9,"7":2,"8":7,"9":7,"10":1,"11":1,"12":6,"13":6,"14":6,"15":6,"16":6,"17":5,"18":4,"19":1,"20":1,"21":1,"22":6,"23":6,"24":2,"25":1,"26":1,"27":1,"28":1,"29":1,"30":1},"f":{"0":6,"1":2,"2":1},"b":{"0":[2],"1":[1],"2":[4,1],"3":[5,5,5,4,4,4],"4":[1,0],"5":[2,1]}}
,"/home/elliot/Projects/mcp/multi-client/src/conversation/persistence/ConversationPersistenceService.ts": {"path":"/home/elliot/Projects/mcp/multi-client/src/conversation/persistence/ConversationPersistenceService.ts","statementMap":{"0":{"start":{"line":1,"column":0},"end":{"line":1,"column":30}},"1":{"start":{"line":2,"column":0},"end":{"line":2,"column":34}},"2":{"start":{"line":31,"column":64},"end":{"line":31,"column":73}},"3":{"start":{"line":32,"column":40},"end":{"line":32,"column":44}},"4":{"start":{"line":35,"column":8},"end":{"line":35,"column":68}},"5":{"start":{"line":36,"column":8},"end":{"line":36,"column":38}},"6":{"start":{"line":43,"column":8},"end":{"line":51,"column":9}},"7":{"start":{"line":44,"column":12},"end":{"line":47,"column":13}},"8":{"start":{"line":45,"column":16},"end":{"line":45,"column":73}},"9":{"start":{"line":46,"column":16},"end":{"line":46,"column":106}},"10":{"start":{"line":49,"column":12},"end":{"line":49,"column":90}},"11":{"start":{"line":68,"column":32},"end":{"line":68,"column":77}},"12":{"start":{"line":69,"column":8},"end":{"line":71,"column":9}},"13":{"start":{"line":70,"column":12},"end":{"line":70,"column":42}},"14":{"start":{"line":74,"column":27},"end":{"line":78,"column":33}},"15":{"start":{"line":75,"column":12},"end":{"line":75,"column":74}},"16":{"start":{"line":77,"column":12},"end":{"line":77,"column":61}},"17":{"start":{"line":81,"column":8},"end":{"line":81,"column":66}},"18":{"start":{"line":93,"column":9},"end":{"line":156,"column":9}},"19":{"start":{"line":94,"column":29},"end":{"line":94,"column":48}},"20":{"start":{"line":97,"column":12},"end":{"line":100,"column":13}},"21":{"start":{"line":98,"column":16},"end":{"line":98,"column":101}},"22":{"start":{"line":99,"column":16},"end":{"line":99,"column":23}},"23":{"start":{"line":103,"column":24},"end":{"line":103,"column":42}},"24":{"start":{"line":104,"column":33},"end":{"line":104,"column":108}},"25":{"start":{"line":104,"column":83},"end":{"line":104,"column":107}},"26":{"start":{"line":106,"column":12},"end":{"line":114,"column":13}},"27":{"start":{"line":107,"column":44},"end":{"line":107,"column":67}},"28":{"start":{"line":108,"column":37},"end":{"line":110,"column":57}},"29":{"start":{"line":111,"column":16},"end":{"line":113,"column":35}},"30":{"start":{"line":117,"column":29},"end":{"line":117,"column":87}},"31":{"start":{"line":118,"column":28},"end":{"line":118,"column":52}},"32":{"start":{"line":119,"column":12},"end":{"line":127,"column":13}},"33":{"start":{"line":120,"column":16},"end":{"line":126,"column":17}},"34":{"start":{"line":121,"column":41},"end":{"line":121,"column":75}},"35":{"start":{"line":122,"column":41},"end":{"line":122,"column":91}},"36":{"start":{"line":123,"column":20},"end":{"line":123,"column":68}},"37":{"start":{"line":125,"column":20},"end":{"line":125,"column":135}},"38":{"start":{"line":131,"column":57},"end":{"line":149,"column":14}},"39":{"start":{"line":138,"column":47},"end":{"line":148,"column":18}},"40":{"start":{"line":152,"column":12},"end":{"line":152,"column":87}},"41":{"start":{"line":153,"column":12},"end":{"line":153,"column":76}},"42":{"start":{"line":155,"column":12},"end":{"line":155,"column":77}},"43":{"start":{"line":167,"column":8},"end":{"line":184,"column":9}},"44":{"start":{"line":168,"column":29},"end":{"line":168,"column":87}},"45":{"start":{"line":170,"column":12},"end":{"line":173,"column":13}},"46":{"start":{"line":171,"column":16},"end":{"line":171,"column":88}},"47":{"start":{"line":172,"column":16},"end":{"line":172,"column":28}},"48":{"start":{"line":175,"column":37},"end":{"line":175,"column":71}},"49":{"start":{"line":176,"column":57},"end":{"line":176,"column":85}},"50":{"start":{"line":178,"column":12},"end":{"line":178,"column":109}},"51":{"start":{"line":179,"column":12},"end":{"line":179,"column":32}},"52":{"start":{"line":182,"column":12},"end":{"line":182,"column":78}},"53":{"start":{"line":183,"column":12},"end":{"line":183,"column":24}},"54":{"start":{"line":192,"column":8},"end":{"line":220,"column":9}},"55":{"start":{"line":193,"column":12},"end":{"line":193,"column":42}},"56":{"start":{"line":195,"column":26},"end":{"line":196,"column":55}},"57":{"start":{"line":196,"column":32},"end":{"line":196,"column":54}},"58":{"start":{"line":198,"column":34},"end":{"line":211,"column":87}},"59":{"start":{"line":199,"column":16},"end":{"line":210,"column":17}},"60":{"start":{"line":200,"column":37},"end":{"line":200,"column":75}},"61":{"start":{"line":201,"column":33},"end":{"line":201,"column":67}},"62":{"start":{"line":202,"column":65},"end":{"line":202,"column":81}},"63":{"start":{"line":205,"column":54},"end":{"line":205,"column":66}},"64":{"start":{"line":206,"column":20},"end":{"line":206,"column":36}},"65":{"start":{"line":208,"column":20},"end":{"line":208,"column":107}},"66":{"start":{"line":209,"column":20},"end":{"line":209,"column":32}},"67":{"start":{"line":211,"column":76},"end":{"line":211,"column":86}},"68":{"start":{"line":214,"column":12},"end":{"line":216,"column":14}},"69":{"start":{"line":215,"column":16},"end":{"line":215,"column":91}},"70":{"start":{"line":218,"column":12},"end":{"line":218,"column":79}},"71":{"start":{"line":219,"column":12},"end":{"line":219,"column":22}},"72":{"start":{"line":230,"column":8},"end":{"line":253,"column":9}},"73":{"start":{"line":231,"column":29},"end":{"line":231,"column":87}},"74":{"start":{"line":233,"column":12},"end":{"line":236,"column":13}},"75":{"start":{"line":234,"column":16},"end":{"line":234,"column":99}},"76":{"start":{"line":235,"column":16},"end":{"line":235,"column":29}},"77":{"start":{"line":238,"column":37},"end":{"line":238,"column":71}},"78":{"start":{"line":239,"column":57},"end":{"line":239,"column":85}},"79":{"start":{"line":242,"column":12},"end":{"line":242,"column":42}},"80":{"start":{"line":243,"column":12},"end":{"line":243,"column":62}},"81":{"start":{"line":246,"column":12},"end":{"line":246,"column":87}},"82":{"start":{"line":247,"column":12},"end":{"line":247,"column":96}},"83":{"start":{"line":249,"column":12},"end":{"line":249,"column":24}},"84":{"start":{"line":251,"column":12},"end":{"line":251,"column":79}},"85":{"start":{"line":252,"column":12},"end":{"line":252,"column":25}},"86":{"start":{"line":262,"column":8},"end":{"line":279,"column":9}},"87":{"start":{"line":263,"column":29},"end":{"line":263,"column":87}},"88":{"start":{"line":265,"column":12},"end":{"line":269,"column":13}},"89":{"start":{"line":267,"column":16},"end":{"line":267,"column":119}},"90":{"start":{"line":268,"column":16},"end":{"line":268,"column":28}},"91":{"start":{"line":272,"column":12},"end":{"line":272,"column":36}},"92":{"start":{"line":273,"column":12},"end":{"line":273,"column":91}},"93":{"start":{"line":275,"column":12},"end":{"line":275,"column":24}},"94":{"start":{"line":277,"column":12},"end":{"line":277,"column":79}},"95":{"start":{"line":278,"column":12},"end":{"line":278,"column":25}},"96":{"start":{"line":28,"column":0},"end":{"line":28,"column":13}}},"fnMap":{"0":{"name":"(anonymous_9)","decl":{"start":{"line":34,"column":4},"end":{"line":34,"column":16}},"loc":{"start":{"line":34,"column":31},"end":{"line":37,"column":5}}},"1":{"name":"(anonymous_10)","decl":{"start":{"line":42,"column":12},"end":{"line":42,"column":34}},"loc":{"start":{"line":42,"column":34},"end":{"line":52,"column":5}}},"2":{"name":"(anonymous_11)","decl":{"start":{"line":61,"column":11},"end":{"line":61,"column":27}},"loc":{"start":{"line":65,"column":24},"end":{"line":82,"column":5}}},"3":{"name":"(anonymous_12)","decl":{"start":{"line":74,"column":38},"end":{"line":74,"column":41}},"loc":{"start":{"line":74,"column":43},"end":{"line":78,"column":9}}},"4":{"name":"(anonymous_13)","decl":{"start":{"line":87,"column":12},"end":{"line":87,"column":24}},"loc":{"start":{"line":91,"column":24},"end":{"line":158,"column":5}}},"5":{"name":"(anonymous_14)","decl":{"start":{"line":104,"column":78},"end":{"line":104,"column":79}},"loc":{"start":{"line":104,"column":83},"end":{"line":104,"column":107}}},"6":{"name":"(anonymous_15)","decl":{"start":{"line":138,"column":39},"end":{"line":138,"column":42}},"loc":{"start":{"line":138,"column":47},"end":{"line":148,"column":18}}},"7":{"name":"(anonymous_16)","decl":{"start":{"line":166,"column":11},"end":{"line":166,"column":27}},"loc":{"start":{"line":166,"column":50},"end":{"line":185,"column":5}}},"8":{"name":"(anonymous_17)","decl":{"start":{"line":191,"column":11},"end":{"line":191,"column":28}},"loc":{"start":{"line":191,"column":28},"end":{"line":221,"column":5}}},"9":{"name":"(anonymous_18)","decl":{"start":{"line":196,"column":24},"end":{"line":196,"column":28}},"loc":{"start":{"line":196,"column":32},"end":{"line":196,"column":54}}},"10":{"name":"(anonymous_19)","decl":{"start":{"line":198,"column":44},"end":{"line":198,"column":48}},"loc":{"start":{"line":198,"column":51},"end":{"line":211,"column":13}}},"11":{"name":"(anonymous_20)","decl":{"start":{"line":211,"column":22},"end":{"line":211,"column":23}},"loc":{"start":{"line":211,"column":76},"end":{"line":211,"column":86}}},"12":{"name":"(anonymous_21)","decl":{"start":{"line":214,"column":38},"end":{"line":214,"column":39}},"loc":{"start":{"line":215,"column":16},"end":{"line":215,"column":91}}},"13":{"name":"(anonymous_22)","decl":{"start":{"line":229,"column":11},"end":{"line":229,"column":29}},"loc":{"start":{"line":229,"column":70},"end":{"line":254,"column":5}}},"14":{"name":"(anonymous_23)","decl":{"start":{"line":261,"column":11},"end":{"line":261,"column":29}},"loc":{"start":{"line":261,"column":52},"end":{"line":280,"column":5}}}},"branchMap":{"0":{"loc":{"start":{"line":44,"column":12},"end":{"line":47,"column":13}},"type":"if","locations":[{"start":{"line":44,"column":12},"end":{"line":47,"column":13}}]},"1":{"loc":{"start":{"line":69,"column":8},"end":{"line":71,"column":9}},"type":"if","locations":[{"start":{"line":69,"column":8},"end":{"line":71,"column":9}}]},"2":{"loc":{"start":{"line":97,"column":12},"end":{"line":100,"column":13}},"type":"if","locations":[{"start":{"line":97,"column":12},"end":{"line":100,"column":13}}]},"3":{"loc":{"start":{"line":106,"column":12},"end":{"line":114,"column":13}},"type":"if","locations":[{"start":{"line":106,"column":12},"end":{"line":114,"column":13}}]},"4":{"loc":{"start":{"line":108,"column":37},"end":{"line":110,"column":57}},"type":"cond-expr","locations":[{"start":{"line":109,"column":22},"end":{"line":109,"column":41}},{"start":{"line":110,"column":22},"end":{"line":110,"column":57}}]},"5":{"loc":{"start":{"line":111,"column":24},"end":{"line":113,"column":34}},"type":"cond-expr","locations":[{"start":{"line":112,"column":22},"end":{"line":112,"column":59}},{"start":{"line":113,"column":22},"end":{"line":113,"column":34}}]},"6":{"loc":{"start":{"line":119,"column":12},"end":{"line":127,"column":13}},"type":"if","locations":[{"start":{"line":119,"column":12},"end":{"line":127,"column":13}}]},"7":{"loc":{"start":{"line":123,"column":32},"end":{"line":123,"column":67}},"type":"binary-expr","locations":[{"start":{"line":123,"column":32},"end":{"line":123,"column":54}},{"start":{"line":123,"column":58},"end":{"line":123,"column":67}}]},"8":{"loc":{"start":{"line":140,"column":29},"end":{"line":140,"column":104}},"type":"cond-expr","locations":[{"start":{"line":140,"column":63},"end":{"line":140,"column":74}},{"start":{"line":140,"column":77},"end":{"line":140,"column":104}}]},"9":{"loc":{"start":{"line":170,"column":12},"end":{"line":173,"column":13}},"type":"if","locations":[{"start":{"line":170,"column":12},"end":{"line":173,"column":13}}]},"10":{"loc":{"start":{"line":215,"column":25},"end":{"line":215,"column":41}},"type":"binary-expr","locations":[{"start":{"line":215,"column":25},"end":{"line":215,"column":36}},{"start":{"line":215,"column":40},"end":{"line":215,"column":41}}]},"11":{"loc":{"start":{"line":215,"column":64},"end":{"line":215,"column":80}},"type":"binary-expr","locations":[{"start":{"line":215,"column":64},"end":{"line":215,"column":75}},{"start":{"line":215,"column":79},"end":{"line":215,"column":80}}]},"12":{"loc":{"start":{"line":233,"column":12},"end":{"line":236,"column":13}},"type":"if","locations":[{"start":{"line":233,"column":12},"end":{"line":236,"column":13}}]},"13":{"loc":{"start":{"line":265,"column":12},"end":{"line":269,"column":13}},"type":"if","locations":[{"start":{"line":265,"column":12},"end":{"line":269,"column":13}}]}},"s":{"0":1,"1":1,"2":0,"3":0,"4":0,"5":0,"6":0,"7":0,"8":0,"9":0,"10":0,"11":0,"12":0,"13":0,"14":0,"15":0,"16":0,"17":0,"18":0,"19":0,"20":0,"21":0,"22":0,"23":0,"24":0,"25":0,"26":0,"27":0,"28":0,"29":0,"30":0,"31":0,"32":0,"33":0,"34":0,"35":0,"36":0,"37":0,"38":0,"39":0,"40":0,"41":0,"42":0,"43":0,"44":0,"45":0,"46":0,"47":0,"48":0,"49":0,"50":0,"51":0,"52":0,"53":0,"54":0,"55":0,"56":0,"57":0,"58":0,"59":0,"60":0,"61":0,"62":0,"63":0,"64":0,"65":0,"66":0,"67":0,"68":0,"69":0,"70":0,"71":0,"72":0,"73":0,"74":0,"75":0,"76":0,"77":0,"78":0,"79":0,"80":0,"81":0,"82":0,"83":0,"84":0,"85":0,"86":0,"87":0,"88":0,"89":0,"90":0,"91":0,"92":0,"93":0,"94":0,"95":0,"96":1},"f":{"0":0,"1":0,"2":0,"3":0,"4":0,"5":0,"6":0,"7":0,"8":0,"9":0,"10":0,"11":0,"12":0,"13":0,"14":0},"b":{"0":[0],"1":[0],"2":[0],"3":[0],"4":[0,0],"5":[0,0],"6":[0],"7":[0,0],"8":[0,0],"9":[0],"10":[0,0],"11":[0,0],"12":[0],"13":[0]}}
,"/home/elliot/Projects/mcp/multi-client/src/conversation/prompts/PromptFactory.ts": {"path":"/home/elliot/Projects/mcp/multi-client/src/conversation/prompts/PromptFactory.ts","statementMap":{"0":{"start":{"line":7,"column":49},"end":{"line":12,"column":48}},"1":{"start":{"line":14,"column":56},"end":{"line":21,"column":115}},"2":{"start":{"line":30,"column":21},"end":{"line":44,"column":2}},"3":{"start":{"line":47,"column":8},"end":{"line":70,"column":9}},"4":{"start":{"line":48,"column":12},"end":{"line":48,"column":60}},"5":{"start":{"line":50,"column":12},"end":{"line":69,"column":13}},"6":{"start":{"line":51,"column":16},"end":{"line":51,"column":46}},"7":{"start":{"line":52,"column":16},"end":{"line":52,"column":82}},"8":{"start":{"line":55,"column":16},"end":{"line":68,"column":17}},"9":{"start":{"line":56,"column":20},"end":{"line":56,"column":65}},"10":{"start":{"line":57,"column":20},"end":{"line":66,"column":21}},"11":{"start":{"line":59,"column":42},"end":{"line":61,"column":47}},"12":{"start":{"line":62,"column":24},"end":{"line":62,"column":69}},"13":{"start":{"line":65,"column":24},"end":{"line":65,"column":60}},"14":{"start":{"line":67,"column":20},"end":{"line":67,"column":42}},"15":{"start":{"line":73,"column":8},"end":{"line":88,"column":48}},"16":{"start":{"line":90,"column":8},"end":{"line":90,"column":22}},"17":{"start":{"line":95,"column":58},"end":{"line":102,"column":11}},"18":{"start":{"line":104,"column":49},"end":{"line":121,"column":143}},"19":{"start":{"line":123,"column":57},"end":{"line":126,"column":151}},"20":{"start":{"line":130,"column":60},"end":{"line":142,"column":18}},"21":{"start":{"line":147,"column":8},"end":{"line":147,"column":88}},"22":{"start":{"line":151,"column":8},"end":{"line":154,"column":70}},"23":{"start":{"line":158,"column":8},"end":{"line":158,"column":80}},"24":{"start":{"line":162,"column":8},"end":{"line":162,"column":94}},"25":{"start":{"line":166,"column":8},"end":{"line":166,"column":92}},"26":{"start":{"line":3,"column":0},"end":{"line":3,"column":13}}},"fnMap":{"0":{"name":"(anonymous_0)","decl":{"start":{"line":28,"column":11},"end":{"line":28,"column":17}},"loc":{"start":{"line":28,"column":57},"end":{"line":91,"column":5}}},"1":{"name":"(anonymous_1)","decl":{"start":{"line":146,"column":11},"end":{"line":146,"column":17}},"loc":{"start":{"line":146,"column":68},"end":{"line":148,"column":5}}},"2":{"name":"(anonymous_2)","decl":{"start":{"line":150,"column":11},"end":{"line":150,"column":17}},"loc":{"start":{"line":150,"column":108},"end":{"line":155,"column":5}}},"3":{"name":"(anonymous_3)","decl":{"start":{"line":157,"column":12},"end":{"line":157,"column":18}},"loc":{"start":{"line":157,"column":65},"end":{"line":159,"column":5}}},"4":{"name":"(anonymous_4)","decl":{"start":{"line":161,"column":11},"end":{"line":161,"column":17}},"loc":{"start":{"line":161,"column":60},"end":{"line":163,"column":5}}},"5":{"name":"(anonymous_5)","decl":{"start":{"line":165,"column":11},"end":{"line":165,"column":17}},"loc":{"start":{"line":165,"column":68},"end":{"line":167,"column":5}}}},"branchMap":{"0":{"loc":{"start":{"line":47,"column":8},"end":{"line":70,"column":9}},"type":"if","locations":[{"start":{"line":47,"column":8},"end":{"line":70,"column":9}},{"start":{"line":49,"column":15},"end":{"line":70,"column":9}}]},"1":{"loc":{"start":{"line":52,"column":29},"end":{"line":52,"column":75}},"type":"binary-expr","locations":[{"start":{"line":52,"column":29},"end":{"line":52,"column":45}},{"start":{"line":52,"column":49},"end":{"line":52,"column":75}}]},"2":{"loc":{"start":{"line":55,"column":16},"end":{"line":68,"column":17}},"type":"if","locations":[{"start":{"line":55,"column":16},"end":{"line":68,"column":17}}]},"3":{"loc":{"start":{"line":59,"column":42},"end":{"line":61,"column":47}},"type":"cond-expr","locations":[{"start":{"line":60,"column":30},"end":{"line":60,"column":59}},{"start":{"line":61,"column":30},"end":{"line":61,"column":47}}]}},"s":{"0":1,"1":1,"2":2,"3":2,"4":1,"5":1,"6":1,"7":1,"8":1,"9":1,"10":1,"11":1,"12":1,"13":0,"14":1,"15":2,"16":2,"17":1,"18":1,"19":1,"20":1,"21":1,"22":1,"23":1,"24":1,"25":1,"26":1},"f":{"0":2,"1":1,"2":1,"3":1,"4":1,"5":1},"b":{"0":[1,1],"1":[1,0],"2":[1],"3":[1,0]}}
}
