TN:
SF:src/ServerManager.ts
FN:20,(anonymous_0)
FN:29,(anonymous_1)
FN:40,(anonymous_2)
FN:41,(anonymous_3)
FN:47,(anonymous_4)
FN:67,(anonymous_5)
FN:71,(anonymous_6)
FN:78,(anonymous_7)
FN:157,(anonymous_8)
FN:159,(anonymous_9)
FN:160,(anonymous_10)
FN:167,(anonymous_11)
FN:188,(anonymous_12)
FN:192,(anonymous_13)
FN:193,(anonymous_14)
FN:225,(anonymous_15)
FN:240,(anonymous_16)
FN:257,(anonymous_17)
FN:296,(anonymous_18)
FN:317,(anonymous_19)
FN:335,(anonymous_20)
FN:402,(anonymous_21)
FN:406,(anonymous_22)
FN:416,(anonymous_23)
FN:417,(anonymous_24)
FNF:25
FNH:2
FNDA:4,(anonymous_0)
FNDA:0,(anonymous_1)
FNDA:0,(anonymous_2)
FNDA:0,(anonymous_3)
FNDA:0,(anonymous_4)
FNDA:0,(anonymous_5)
FNDA:0,(anonymous_6)
FNDA:0,(anonymous_7)
FNDA:0,(anonymous_8)
FNDA:0,(anonymous_9)
FNDA:0,(anonymous_10)
FNDA:1,(anonymous_11)
FNDA:0,(anonymous_12)
FNDA:0,(anonymous_13)
FNDA:0,(anonymous_14)
FNDA:0,(anonymous_15)
FNDA:0,(anonymous_16)
FNDA:0,(anonymous_17)
FNDA:0,(anonymous_18)
FNDA:0,(anonymous_19)
FNDA:0,(anonymous_20)
FNDA:0,(anonymous_21)
FNDA:0,(anonymous_22)
FNDA:0,(anonymous_23)
FNDA:0,(anonymous_24)
DA:1,1
DA:2,1
DA:15,1
DA:16,4
DA:21,4
DA:23,4
DA:30,0
DA:32,0
DA:33,0
DA:36,0
DA:39,0
DA:40,0
DA:41,0
DA:48,0
DA:51,0
DA:52,0
DA:53,0
DA:55,0
DA:56,0
DA:58,0
DA:61,0
DA:63,0
DA:67,0
DA:71,0
DA:72,0
DA:73,0
DA:74,0
DA:78,0
DA:79,0
DA:80,0
DA:81,0
DA:85,0
DA:90,0
DA:93,0
DA:101,0
DA:104,0
DA:105,0
DA:106,0
DA:107,0
DA:108,0
DA:110,0
DA:115,0
DA:123,0
DA:125,0
DA:127,0
DA:136,0
DA:137,0
DA:145,0
DA:150,0
DA:158,0
DA:159,0
DA:160,0
DA:168,1
DA:169,1
DA:170,2
DA:171,2
DA:172,0
DA:173,2
DA:176,0
DA:179,2
DA:182,1
DA:189,0
DA:190,0
DA:191,0
DA:192,0
DA:193,0
DA:196,0
DA:197,0
DA:198,0
DA:202,0
DA:204,0
DA:205,0
DA:206,0
DA:209,0
DA:211,0
DA:212,0
DA:213,0
DA:215,0
DA:216,0
DA:218,0
DA:222,0
DA:225,0
DA:226,0
DA:227,0
DA:228,0
DA:230,0
DA:234,0
DA:241,0
DA:243,0
DA:244,0
DA:246,0
DA:248,0
DA:251,0
DA:258,0
DA:259,0
DA:261,0
DA:262,0
DA:264,0
DA:265,0
DA:272,0
DA:273,0
DA:276,0
DA:278,0
DA:282,0
DA:289,0
DA:302,0
DA:305,0
DA:306,0
DA:307,0
DA:317,0
DA:318,0
DA:320,0
DA:327,0
DA:331,0
DA:332,0
DA:333,0
DA:334,0
DA:335,0
DA:336,0
DA:337,0
DA:340,0
DA:342,0
DA:347,0
DA:351,0
DA:353,0
DA:355,0
DA:356,0
DA:357,0
DA:358,0
DA:361,0
DA:372,0
DA:380,0
DA:381,0
DA:390,0
DA:391,0
DA:392,0
DA:393,0
DA:403,0
DA:404,0
DA:406,0
DA:407,0
DA:410,0
DA:417,0
DA:418,0
DA:419,0
DA:420,0
DA:421,0
DA:422,0
DA:424,0
DA:430,0
DA:432,0
DA:433,0
LF:152
LH:13
BRDA:51,0,0,0
BRDA:55,1,0,0
BRDA:65,2,0,0
BRDA:65,2,1,0
BRDA:67,3,0,0
BRDA:67,3,1,0
BRDA:73,4,0,0
BRDA:80,5,0,0
BRDA:107,6,0,0
BRDA:107,6,1,0
BRDA:110,7,0,0
BRDA:110,7,1,0
BRDA:125,8,0,0
BRDA:125,8,1,0
BRDA:136,9,0,0
BRDA:136,9,1,0
BRDA:171,10,0,0
BRDA:171,10,1,2
BRDA:173,11,0,0
BRDA:173,11,1,2
BRDA:197,12,0,0
BRDA:204,13,0,0
BRDA:213,14,0,0
BRDA:213,14,1,0
BRDA:227,15,0,0
BRDA:227,15,1,0
BRDA:243,16,0,0
BRDA:246,17,0,0
BRDA:246,18,0,0
BRDA:246,18,1,0
BRDA:251,19,0,0
BRDA:251,19,1,0
BRDA:265,20,0,0
BRDA:265,21,0,0
BRDA:265,21,1,0
BRDA:273,22,0,0
BRDA:273,22,1,0
BRDA:282,23,0,0
BRDA:282,23,1,0
BRDA:300,24,0,0
BRDA:306,25,0,0
BRDA:306,26,0,0
BRDA:306,26,1,0
BRDA:306,26,2,0
BRDA:318,27,0,0
BRDA:327,28,0,0
BRDA:327,28,1,0
BRDA:331,29,0,0
BRDA:351,30,0,0
BRDA:355,31,0,0
BRDA:355,32,0,0
BRDA:355,32,1,0
BRDA:357,33,0,0
BRDA:357,34,0,0
BRDA:357,34,1,0
BRDA:357,34,2,0
BRDA:357,34,3,0
BRDA:357,34,4,0
BRDA:386,35,0,0
BRDA:386,35,1,0
BRDA:390,36,0,0
BRDA:392,37,0,0
BRDA:404,38,0,0
BRDA:404,39,0,0
BRDA:404,39,1,0
BRDA:407,40,0,0
BRDA:418,41,0,0
BRDA:425,42,0,0
BRDA:425,42,1,0
BRF:69
BRH:2
end_of_record
TN:
SF:src/conversation/Message.ts
FN:12,(anonymous_0)
FN:12,(anonymous_1)
FN:19,(anonymous_2)
FN:25,(anonymous_3)
FN:36,(anonymous_4)
FN:62,(anonymous_5)
FN:78,createSystemMessage
FN:82,createHumanMessage
FN:86,createAiMessage
FN:90,createToolMessage
FNF:10
FNH:8
FNDA:0,(anonymous_0)
FNDA:0,(anonymous_1)
FNDA:1,(anonymous_2)
FNDA:1,(anonymous_3)
FNDA:2,(anonymous_4)
FNDA:1,(anonymous_5)
FNDA:1,createSystemMessage
FNDA:1,createHumanMessage
FNDA:2,createAiMessage
FNDA:1,createToolMessage
DA:1,1
DA:12,1
DA:18,1
DA:20,1
DA:24,1
DA:26,1
DA:30,1
DA:47,2
DA:53,2
DA:56,2
DA:57,2
DA:61,1
DA:69,1
DA:78,1
DA:79,1
DA:82,1
DA:83,1
DA:86,1
DA:87,2
DA:90,1
DA:91,1
LF:21
LH:21
BRDA:49,0,0,2
BRDA:49,0,1,2
BRDA:50,1,0,2
BRDA:50,1,1,2
BRDA:56,2,0,2
BRDA:56,2,1,1
BRDA:56,2,2,1
BRDA:57,3,0,2
BRDA:57,3,1,1
BRF:9
BRH:9
end_of_record
TN:
SF:src/conversation/ToolParser.ts
FN:24,(anonymous_0)
FN:90,(anonymous_1)
FN:99,(anonymous_2)
FNF:3
FNH:3
FNDA:6,(anonymous_0)
FNDA:2,(anonymous_1)
FNDA:1,(anonymous_2)
DA:15,1
DA:16,1
DA:17,1
DA:25,6
DA:26,6
DA:28,6
DA:30,9
DA:31,9
DA:34,7
DA:35,7
DA:36,1
DA:37,1
DA:41,6
DA:42,6
DA:43,6
DA:46,6
DA:47,6
DA:50,5
DA:59,4
DA:66,1
DA:71,1
DA:72,1
DA:79,6
DA:82,6
DA:91,2
DA:103,1
DA:104,1
DA:107,1
DA:108,1
DA:111,1
LF:30
LH:30
BRDA:31,0,0,2
BRDA:35,1,0,1
BRDA:50,2,0,4
BRDA:50,2,1,1
BRDA:51,3,0,5
BRDA:51,3,1,5
BRDA:51,3,2,5
BRDA:51,3,3,4
BRDA:51,3,4,4
BRDA:51,3,5,4
BRDA:71,4,0,1
BRDA:71,4,1,0
BRDA:91,5,0,2
BRDA:91,5,1,1
BRF:14
BRH:13
end_of_record
TN:
SF:src/conversation/persistence/ConversationPersistenceService.ts
FN:34,(anonymous_9)
FN:42,(anonymous_10)
FN:61,(anonymous_11)
FN:74,(anonymous_12)
FN:87,(anonymous_13)
FN:104,(anonymous_14)
FN:138,(anonymous_15)
FN:166,(anonymous_16)
FN:191,(anonymous_17)
FN:196,(anonymous_18)
FN:198,(anonymous_19)
FN:211,(anonymous_20)
FN:214,(anonymous_21)
FN:229,(anonymous_22)
FN:261,(anonymous_23)
FNF:15
FNH:0
FNDA:0,(anonymous_9)
FNDA:0,(anonymous_10)
FNDA:0,(anonymous_11)
FNDA:0,(anonymous_12)
FNDA:0,(anonymous_13)
FNDA:0,(anonymous_14)
FNDA:0,(anonymous_15)
FNDA:0,(anonymous_16)
FNDA:0,(anonymous_17)
FNDA:0,(anonymous_18)
FNDA:0,(anonymous_19)
FNDA:0,(anonymous_20)
FNDA:0,(anonymous_21)
FNDA:0,(anonymous_22)
FNDA:0,(anonymous_23)
DA:1,1
DA:2,1
DA:28,1
DA:31,0
DA:32,0
DA:35,0
DA:36,0
DA:43,0
DA:44,0
DA:45,0
DA:46,0
DA:49,0
DA:68,0
DA:69,0
DA:70,0
DA:74,0
DA:75,0
DA:77,0
DA:81,0
DA:93,0
DA:94,0
DA:97,0
DA:98,0
DA:99,0
DA:103,0
DA:104,0
DA:106,0
DA:107,0
DA:108,0
DA:111,0
DA:117,0
DA:118,0
DA:119,0
DA:120,0
DA:121,0
DA:122,0
DA:123,0
DA:125,0
DA:131,0
DA:138,0
DA:152,0
DA:153,0
DA:155,0
DA:167,0
DA:168,0
DA:170,0
DA:171,0
DA:172,0
DA:175,0
DA:176,0
DA:178,0
DA:179,0
DA:182,0
DA:183,0
DA:192,0
DA:193,0
DA:195,0
DA:196,0
DA:198,0
DA:199,0
DA:200,0
DA:201,0
DA:202,0
DA:205,0
DA:206,0
DA:208,0
DA:209,0
DA:211,0
DA:214,0
DA:215,0
DA:218,0
DA:219,0
DA:230,0
DA:231,0
DA:233,0
DA:234,0
DA:235,0
DA:238,0
DA:239,0
DA:242,0
DA:243,0
DA:246,0
DA:247,0
DA:249,0
DA:251,0
DA:252,0
DA:262,0
DA:263,0
DA:265,0
DA:267,0
DA:268,0
DA:272,0
DA:273,0
DA:275,0
DA:277,0
DA:278,0
LF:96
LH:3
BRDA:44,0,0,0
BRDA:69,1,0,0
BRDA:97,2,0,0
BRDA:106,3,0,0
BRDA:108,4,0,0
BRDA:108,4,1,0
BRDA:111,5,0,0
BRDA:111,5,1,0
BRDA:119,6,0,0
BRDA:123,7,0,0
BRDA:123,7,1,0
BRDA:140,8,0,0
BRDA:140,8,1,0
BRDA:170,9,0,0
BRDA:215,10,0,0
BRDA:215,10,1,0
BRDA:215,11,0,0
BRDA:215,11,1,0
BRDA:233,12,0,0
BRDA:265,13,0,0
BRF:20
BRH:0
end_of_record
TN:
SF:src/conversation/prompts/PromptFactory.ts
FN:28,(anonymous_0)
FN:146,(anonymous_1)
FN:150,(anonymous_2)
FN:157,(anonymous_3)
FN:161,(anonymous_4)
FN:165,(anonymous_5)
FNF:6
FNH:6
FNDA:2,(anonymous_0)
FNDA:1,(anonymous_1)
FNDA:1,(anonymous_2)
FNDA:1,(anonymous_3)
FNDA:1,(anonymous_4)
FNDA:1,(anonymous_5)
DA:3,1
DA:7,1
DA:14,1
DA:30,2
DA:47,2
DA:48,1
DA:50,1
DA:51,1
DA:52,1
DA:55,1
DA:56,1
DA:57,1
DA:59,1
DA:62,1
DA:65,0
DA:67,1
DA:73,2
DA:90,2
DA:95,1
DA:104,1
DA:123,1
DA:130,1
DA:147,1
DA:151,1
DA:158,1
DA:162,1
DA:166,1
LF:27
LH:26
BRDA:47,0,0,1
BRDA:47,0,1,1
BRDA:52,1,0,1
BRDA:52,1,1,0
BRDA:55,2,0,1
BRDA:59,3,0,1
BRDA:59,3,1,0
BRF:7
BRH:5
end_of_record
